  main.cpp
C:\Users\u5674407\source\repos\PFA\PFAProject\main.cpp(65,10): warning C4267: 'initializing': conversion from 'size_t' to 'int', possible loss of data
C:\Users\u5674407\source\repos\PFA\PFAProject\main.cpp(66,31): warning C4018: '<': signed/unsigned mismatch
C:\Users\u5674407\source\repos\PFA\PFAProject\main.cpp(111,22): warning C4018: '<': signed/unsigned mismatch
C:\Users\u5674407\source\repos\PFA\PFAProject\main.cpp(113,23): warning C4018: '<': signed/unsigned mismatch
C:\Users\u5674407\source\repos\PFA\PFAProject\main.cpp(179,22): warning C4018: '<': signed/unsigned mismatch
C:\Users\u5674407\source\repos\PFA\PFAProject\main.cpp(181,23): warning C4018: '<': signed/unsigned mismatch
C:\Users\u5674407\source\repos\PFA\PFAProject\main.cpp(262,22): warning C4018: '<': signed/unsigned mismatch
C:\Users\u5674407\source\repos\PFA\PFAProject\main.cpp(264,23): warning C4018: '<': signed/unsigned mismatch
C:\Users\u5674407\source\repos\PFA\PFAProject\main.cpp(320,22): warning C4018: '<': signed/unsigned mismatch
C:\Users\u5674407\source\repos\PFA\PFAProject\main.cpp(322,23): warning C4018: '<': signed/unsigned mismatch
C:\Users\u5674407\source\repos\PFA\PFAProject\main.cpp(429,30): warning C4018: '<': signed/unsigned mismatch
C:\Users\u5674407\source\repos\PFA\PFAProject\main.cpp(434,30): warning C4018: '<': signed/unsigned mismatch
C:\Users\u5674407\source\repos\PFA\PFAProject\main.cpp(504,30): warning C4018: '<': signed/unsigned mismatch
C:\Users\u5674407\source\repos\PFA\PFAProject\main.cpp(559,22): warning C4018: '<': signed/unsigned mismatch
C:\Users\u5674407\source\repos\PFA\PFAProject\main.cpp(561,23): warning C4018: '<': signed/unsigned mismatch
C:\Users\u5674407\source\repos\PFA\PFAProject\main.cpp(608,40): warning C4018: '>=': signed/unsigned mismatch
C:\Users\u5674407\source\repos\PFA\PFAProject\main.cpp(608,122): warning C4018: '>=': signed/unsigned mismatch
C:\Users\u5674407\source\repos\PFA\PFAProject\main.cpp(696,27): warning C4018: '>=': signed/unsigned mismatch
C:\Users\u5674407\source\repos\PFA\PFAProject\main.cpp(696,51): warning C4018: '<=': signed/unsigned mismatch
C:\Users\u5674407\source\repos\PFA\PFAProject\main.cpp(697,29): warning C4018: '>=': signed/unsigned mismatch
C:\Users\u5674407\source\repos\PFA\PFAProject\main.cpp(697,53): warning C4018: '<=': signed/unsigned mismatch
C:\Users\u5674407\source\repos\PFA\PFAProject\main.cpp(714,26): warning C4018: '>=': signed/unsigned mismatch
C:\Users\u5674407\source\repos\PFA\PFAProject\main.cpp(714,51): warning C4018: '<=': signed/unsigned mismatch
C:\Users\u5674407\source\repos\PFA\PFAProject\main.cpp(715,28): warning C4018: '>=': signed/unsigned mismatch
C:\Users\u5674407\source\repos\PFA\PFAProject\main.cpp(715,53): warning C4018: '<=': signed/unsigned mismatch
C:\Users\u5674407\source\repos\PFA\PFAProject\main.cpp(835,12): warning C4244: 'argument': conversion from 'time_t' to 'unsigned int', possible loss of data
  PFAProject.vcxproj -> C:\Users\u5674407\source\repos\PFA\PFAProject\x64\Debug\PFAProject.exe
